[debug] [2022-05-27T18:04:55.330Z] ----------------------------------------------------------------------
[debug] [2022-05-27T18:04:55.331Z] Command:       /Users/mariabruno/.nvm/versions/node/v16.15.0/bin/node /usr/local/bin/firebase emulators:start
[debug] [2022-05-27T18:04:55.331Z] CLI Version:   10.8.0
[debug] [2022-05-27T18:04:55.331Z] Platform:      darwin
[debug] [2022-05-27T18:04:55.331Z] Node Version:  v16.15.0
[debug] [2022-05-27T18:04:55.331Z] Time:          Fri May 27 2022 14:04:55 GMT-0400 (Eastern Daylight Time)
[debug] [2022-05-27T18:04:55.332Z] ----------------------------------------------------------------------
[debug] 
[debug] [2022-05-27T18:04:55.359Z] Field ".emulators.hosting.port" in "firebase.json" is possibly invalid: should be number
[debug] [2022-05-27T18:04:55.361Z] > command requires scopes: ["email","openid","https://www.googleapis.com/auth/cloudplatformprojects.readonly","https://www.googleapis.com/auth/firebase","https://www.googleapis.com/auth/cloud-platform"]
[debug] [2022-05-27T18:04:55.361Z] > authorizing via signed-in user (brunomaria71@gmail.com)
[info] i  emulators: Starting emulators: functions, hosting {"metadata":{"emulator":{"name":"hub"},"message":"Starting emulators: functions, hosting"}}
[debug] [2022-05-27T18:04:55.374Z] [hub] writing locator at /var/folders/_f/rfhxbcw94sq6m7frnvrczg2c0000gn/T/hub-random-messages-mb.json
[warn] ⚠  functions: The following emulators are not running, calls to these services from the Functions emulator will affect production: auth, firestore, database, pubsub, storage {"metadata":{"emulator":{"name":"functions"},"message":"The following emulators are not running, calls to these services from the Functions emulator will affect production: \u001b[1mauth, firestore, database, pubsub, storage\u001b[22m"}}
[info] ✔  functions: Using node@16 from host. {"metadata":{"emulator":{"name":"functions"},"message":"Using node@16 from host."}}
[debug] [2022-05-27T18:04:55.414Z] defaultcredentials: writing to file /Users/mariabruno/.config/firebase/brunomaria71_gmail_com_application_default_credentials.json
[debug] [2022-05-27T18:04:55.416Z] Setting GAC to /Users/mariabruno/.config/firebase/brunomaria71_gmail_com_application_default_credentials.json {"metadata":{"emulator":{"name":"functions"},"message":"Setting GAC to /Users/mariabruno/.config/firebase/brunomaria71_gmail_com_application_default_credentials.json"}}
[debug] [2022-05-27T18:04:55.417Z] >>> [apiv2][query] GET https://firebase.googleapis.com/v1beta1/projects/random-messages-mb/adminSdkConfig [none]
[debug] [2022-05-27T18:04:55.867Z] <<< [apiv2][status] GET https://firebase.googleapis.com/v1beta1/projects/random-messages-mb/adminSdkConfig 200
[debug] [2022-05-27T18:04:55.867Z] <<< [apiv2][body] GET https://firebase.googleapis.com/v1beta1/projects/random-messages-mb/adminSdkConfig {"projectId":"random-messages-mb","storageBucket":"random-messages-mb.appspot.com","locationId":"us-central"}
[debug] [2022-05-27T18:04:55.900Z] >>> [apiv2][query] GET https://firebasehosting.googleapis.com/v1beta1/projects/random-messages-mb/sites 
[debug] [2022-05-27T18:04:56.543Z] <<< [apiv2][status] GET https://firebasehosting.googleapis.com/v1beta1/projects/random-messages-mb/sites 200
[debug] [2022-05-27T18:04:56.544Z] <<< [apiv2][body] GET https://firebasehosting.googleapis.com/v1beta1/projects/random-messages-mb/sites {"sites":[{"name":"projects/random-messages-mb/sites/random-messages-mb","defaultUrl":"https://random-messages-mb.web.app","type":"DEFAULT_SITE"}]}
[debug] [2022-05-27T18:04:56.545Z] >>> [apiv2][query] GET https://firebase.googleapis.com/v1beta1/projects/random-messages-mb/webApps/-/config [none]
[debug] [2022-05-27T18:04:56.959Z] <<< [apiv2][status] GET https://firebase.googleapis.com/v1beta1/projects/random-messages-mb/webApps/-/config 200
[debug] [2022-05-27T18:04:56.960Z] <<< [apiv2][body] GET https://firebase.googleapis.com/v1beta1/projects/random-messages-mb/webApps/-/config {"projectId":"random-messages-mb","storageBucket":"random-messages-mb.appspot.com","locationId":"us-central","apiKey":"AIzaSyDRY0doj5guPzWmDl7UGYwmaoMqFLbaSnM","authDomain":"random-messages-mb.firebaseapp.com","messagingSenderId":"476008744384"}
[info] i  hosting: Serving hosting files from: public {"metadata":{"emulator":{"name":"hosting"},"message":"Serving hosting files from: \u001b[1mpublic\u001b[22m"}}
[info] ✔  hosting: Local server: http://localhost:5050 {"metadata":{"emulator":{"name":"hosting"},"message":"Local server: \u001b[4m\u001b[1mhttp://localhost:5050\u001b[22m\u001b[24m"}}
[debug] [2022-05-27T18:04:57.048Z] Ignoring unsupported arg: auto_download {"metadata":{"emulator":{"name":"ui"},"message":"Ignoring unsupported arg: auto_download"}}
[debug] [2022-05-27T18:04:57.048Z] Ignoring unsupported arg: port {"metadata":{"emulator":{"name":"ui"},"message":"Ignoring unsupported arg: port"}}
[debug] [2022-05-27T18:04:57.048Z] Starting Emulator UI with command {"binary":"node","args":["/Users/mariabruno/.cache/firebase/emulators/ui-v1.6.6/server.bundle.js"],"optionalArgs":[],"joinArgs":false} {"metadata":{"emulator":{"name":"ui"},"message":"Starting Emulator UI with command {\"binary\":\"node\",\"args\":[\"/Users/mariabruno/.cache/firebase/emulators/ui-v1.6.6/server.bundle.js\"],\"optionalArgs\":[],\"joinArgs\":false}"}}
[info] i  ui: Emulator UI logging to ui-debug.log {"metadata":{"emulator":{"name":"ui"},"message":"Emulator UI logging to \u001b[1mui-debug.log\u001b[22m"}}
[debug] [2022-05-27T18:04:57.112Z] Web / API server started at localhost:4000
 {"metadata":{"emulator":{"name":"ui"},"message":"Web / API server started at localhost:4000\n"}}
[info] i  functions: Watching "/Users/mariabruno/code/love-messages-backend/functions" for Cloud Functions... {"metadata":{"emulator":{"name":"functions"},"message":"Watching \"/Users/mariabruno/code/love-messages-backend/functions\" for Cloud Functions..."}}
[debug] [2022-05-27T18:04:57.318Z] Validating nodejs source
[debug] [2022-05-27T18:04:57.968Z] > [functions] package.json contents: {
  "name": "functions",
  "description": "Cloud Functions for Firebase",
  "scripts": {
    "serve": "firebase emulators:start --only functions",
    "shell": "firebase functions:shell",
    "start": "npm run shell",
    "deploy": "firebase deploy --only functions",
    "logs": "firebase functions:log"
  },
  "engines": {
    "node": "16"
  },
  "main": "index.js",
  "dependencies": {
    "cors": "^2.8.5",
    "express": "^4.18.1",
    "firebase-admin": "^10.2.0",
    "firebase-functions": "^3.18.0"
  },
  "devDependencies": {
    "firebase-functions-test": "^0.2.0"
  },
  "private": true
}
[debug] [2022-05-27T18:04:57.968Z] Building nodejs source
[debug] [2022-05-27T18:04:57.968Z] Analyzing nodejs backend spec
[info] 
┌─────────────────────────────────────────────────────────────┐
│ ✔  All emulators ready! It is now safe to connect your app. │
│ i  View Emulator UI at http://localhost:4000                │
└─────────────────────────────────────────────────────────────┘

┌───────────┬────────────────┬─────────────────────────────────┐
│ Emulator  │ Host:Port      │ View in Emulator UI             │
├───────────┼────────────────┼─────────────────────────────────┤
│ Functions │ localhost:5001 │ http://localhost:4000/functions │
├───────────┼────────────────┼─────────────────────────────────┤
│ Hosting   │ localhost:5050 │ n/a                             │
└───────────┴────────────────┴─────────────────────────────────┘
  Emulator Hub running at localhost:4400
  Other reserved ports: 4500

Issues? Report them at https://github.com/firebase/firebase-tools/issues and attach the *-debug.log files.
 
[info] [hosting] Rewriting / to http://localhost:5001/random-messages-mb/us-central1/app for local Function us-central1/app
[debug] [2022-05-27T18:05:04.132Z] >>> [apiv2][query] GET http://localhost:5001/random-messages-mb/us-central1/app/ 
[debug] [2022-05-27T18:05:04.136Z] [work-queue] {"queueLength":1,"workRunningCount":0}
[debug] [2022-05-27T18:05:04.136Z] [work-queue] {"queueLength":0,"workRunningCount":1}
[debug] [2022-05-27T18:05:04.137Z] [work-queue] {"queueLength":0,"workRunningCount":0}
[debug] [2022-05-27T18:05:04.138Z] <<< [apiv2][status] GET http://localhost:5001/random-messages-mb/us-central1/app/ 404
[debug] [2022-05-27T18:05:04.138Z] <<< [apiv2][body] GET http://localhost:5001/random-messages-mb/us-central1/app/ [stream]
[info] i  hosting: 127.0.0.1 - - [27/May/2022:18:05:04 +0000] "GET / HTTP/1.1" 404 62 "-" "Mozilla/5.0 (Macintosh; Intel Mac OS X 10_15_7) AppleWebKit/537.36 (KHTML, like Gecko) Chrome/101.0.0.0 Safari/537.36" {"metadata":{"emulator":{"name":"hosting"},"message":"127.0.0.1 - - [27/May/2022:18:05:04 +0000] \"GET / HTTP/1.1\" 404 62 \"-\" \"Mozilla/5.0 (Macintosh; Intel Mac OS X 10_15_7) AppleWebKit/537.36 (KHTML, like Gecko) Chrome/101.0.0.0 Safari/537.36\""}}
[info] [hosting] Rewriting /favicon.ico to http://localhost:5001/random-messages-mb/us-central1/app for local Function us-central1/app
[debug] [2022-05-27T18:05:04.284Z] >>> [apiv2][query] GET http://localhost:5001/random-messages-mb/us-central1/app/favicon.ico 
[debug] [2022-05-27T18:05:04.290Z] [work-queue] {"queueLength":1,"workRunningCount":0}
[debug] [2022-05-27T18:05:04.290Z] [work-queue] {"queueLength":0,"workRunningCount":1}
[debug] [2022-05-27T18:05:04.291Z] [work-queue] {"queueLength":0,"workRunningCount":0}
[debug] [2022-05-27T18:05:04.292Z] <<< [apiv2][status] GET http://localhost:5001/random-messages-mb/us-central1/app/favicon.ico 404
[debug] [2022-05-27T18:05:04.293Z] <<< [apiv2][body] GET http://localhost:5001/random-messages-mb/us-central1/app/favicon.ico [stream]
[info] i  hosting: 127.0.0.1 - - [27/May/2022:18:05:04 +0000] "GET /favicon.ico HTTP/1.1" 404 62 "http://localhost:5050/" "Mozilla/5.0 (Macintosh; Intel Mac OS X 10_15_7) AppleWebKit/537.36 (KHTML, like Gecko) Chrome/101.0.0.0 Safari/537.36" {"metadata":{"emulator":{"name":"hosting"},"message":"127.0.0.1 - - [27/May/2022:18:05:04 +0000] \"GET /favicon.ico HTTP/1.1\" 404 62 \"http://localhost:5050/\" \"Mozilla/5.0 (Macintosh; Intel Mac OS X 10_15_7) AppleWebKit/537.36 (KHTML, like Gecko) Chrome/101.0.0.0 Safari/537.36\""}}
